<?xml version="1.0" encoding="UTF-8"?>
<testsuite xmlns:xsi="http://www.w3.org/2001/XMLSchema-instance" xsi:noNamespaceSchemaLocation="https://maven.apache.org/surefire/maven-surefire-plugin/xsd/surefire-test-report-3.0.xsd" version="3.0" name="com.example.List.ListApplicationTests" time="8.709" tests="1" errors="0" skipped="0" failures="0">
  <properties>
[...]
</properties>
  <testcase name="contextLoads" classname="com.example.List.ListApplicationTests" time="0.858">
    <system-out><![CDATA[19:57:52.896 [main] INFO org.springframework.test.context.support.AnnotationConfigContextLoaderUtils -- Could not detect default configuration classes for test class [com.example.List.ListApplicationTests]: ListApplicationTests does not declare any static, non-private, non-final, nested classes annotated with @Configuration.
19:57:53.114 [main] INFO org.springframework.boot.test.context.SpringBootTestContextBootstrapper -- Found @SpringBootConfiguration com.example.List.ListApplication for test class com.example.List.ListApplicationTests

  .   ____          _            __ _ _
 /\\ / ___'_ __ _ _(_)_ __  __ _ \ \ \ \
( ( )\___ | '_ | '_| | '_ \/ _` | \ \ \ \
 \\/  ___)| |_)| | | | | || (_| |  ) ) ) )
  '  |____| .__|_| |_|_| |_\__, | / / / /
 =========|_|==============|___/=/_/_/_/
 :: Spring Boot ::                (v3.1.2)

2024-01-17T19:57:54.017+05:30  INFO 21720 --- [           main] com.example.List.ListApplicationTests    : Starting ListApplicationTests using Java 17.0.8 with PID 21720 (started by batra in C:\Users\batra\Downloads\List\List)
2024-01-17T19:57:54.020+05:30  INFO 21720 --- [           main] com.example.List.ListApplicationTests    : No active profile set, falling back to 1 default profile: "default"
2024-01-17T19:57:54.881+05:30  INFO 21720 --- [           main] .s.d.r.c.RepositoryConfigurationDelegate : Bootstrapping Spring Data JPA repositories in DEFAULT mode.
2024-01-17T19:57:55.030+05:30  INFO 21720 --- [           main] .s.d.r.c.RepositoryConfigurationDelegate : Finished Spring Data repository scanning in 132 ms. Found 7 JPA repository interfaces.
2024-01-17T19:57:55.777+05:30  INFO 21720 --- [           main] o.hibernate.jpa.internal.util.LogHelper  : HHH000204: Processing PersistenceUnitInfo [name: default]
2024-01-17T19:57:55.926+05:30  INFO 21720 --- [           main] org.hibernate.Version                    : HHH000412: Hibernate ORM core version 6.2.6.Final
2024-01-17T19:57:55.932+05:30  INFO 21720 --- [           main] org.hibernate.cfg.Environment            : HHH000406: Using bytecode reflection optimizer
2024-01-17T19:57:56.300+05:30  INFO 21720 --- [           main] o.h.b.i.BytecodeProviderInitiator        : HHH000021: Bytecode provider name : bytebuddy
2024-01-17T19:57:56.503+05:30  INFO 21720 --- [           main] o.s.o.j.p.SpringPersistenceUnitInfo      : No LoadTimeWeaver setup: ignoring JPA class transformer
2024-01-17T19:57:56.534+05:30  INFO 21720 --- [           main] com.zaxxer.hikari.HikariDataSource       : HikariPool-1 - Starting...
2024-01-17T19:57:57.036+05:30  INFO 21720 --- [           main] com.zaxxer.hikari.pool.HikariPool        : HikariPool-1 - Added connection com.mysql.cj.jdbc.ConnectionImpl@57b9389f
2024-01-17T19:57:57.039+05:30  INFO 21720 --- [           main] com.zaxxer.hikari.HikariDataSource       : HikariPool-1 - Start completed.
2024-01-17T19:57:57.734+05:30  INFO 21720 --- [           main] o.h.b.i.BytecodeProviderInitiator        : HHH000021: Bytecode provider name : bytebuddy
2024-01-17T19:57:59.028+05:30  INFO 21720 --- [           main] o.h.e.t.j.p.i.JtaPlatformInitiator       : HHH000490: Using JtaPlatform implementation: [org.hibernate.engine.transaction.jta.platform.internal.NoJtaPlatform]
2024-01-17T19:57:59.154+05:30  INFO 21720 --- [           main] j.LocalContainerEntityManagerFactoryBean : Initialized JPA EntityManagerFactory for persistence unit 'default'
2024-01-17T19:58:00.420+05:30  INFO 21720 --- [           main] com.example.List.ListApplicationTests    : Started ListApplicationTests in 6.988 seconds (process running for 8.781)
]]></system-out>
  </testcase>
</testsuite>